-Xajruntimetarget:1.5
-1.8
-encoding
UTF-8
-source
1.8
-target
1.8
-classpath
/Users/lichuangjian/.m2/repository/javax/servlet/servlet-api/3.0-0.3.15/servlet-api-3.0-0.3.15.jar:/Users/lichuangjian/.m2/repository/org/springframework/spring-context/4.3.1.RELEASE/spring-context-4.3.1.RELEASE.jar:/Users/lichuangjian/.m2/repository/org/springframework/spring-web/4.3.1.RELEASE/spring-web-4.3.1.RELEASE.jar:/Users/lichuangjian/.m2/repository/org/springframework/spring-beans/4.3.1.RELEASE/spring-beans-4.3.1.RELEASE.jar:/Users/lichuangjian/.m2/repository/org/springframework/spring-test/4.3.1.RELEASE/spring-test-4.3.1.RELEASE.jar:/Users/lichuangjian/.m2/repository/org/springframework/spring-webmvc/4.3.1.RELEASE/spring-webmvc-4.3.1.RELEASE.jar:/Users/lichuangjian/.m2/repository/org/springframework/spring-jdbc/4.3.1.RELEASE/spring-jdbc-4.3.1.RELEASE.jar:/Users/lichuangjian/.m2/repository/org/springframework/spring-aspects/4.3.1.RELEASE/spring-aspects-4.3.1.RELEASE.jar:/Users/lichuangjian/.m2/repository/org/aspectj/aspectjrt/1.8.7/aspectjrt-1.8.7.jar:/Users/lichuangjian/.m2/repository/org/mybatis/mybatis/3.4.1/mybatis-3.4.1.jar:/Users/lichuangjian/.m2/repository/org/mybatis/mybatis-spring/1.3.0/mybatis-spring-1.3.0.jar:/Users/lichuangjian/.m2/repository/mysql/mysql-connector-java/5.1.36/mysql-connector-java-5.1.36.jar:/Users/lichuangjian/.m2/repository/c3p0/c3p0/0.9.1.2/c3p0-0.9.1.2.jar:/Users/lichuangjian/.m2/repository/org/slf4j/slf4j-api/1.7.21/slf4j-api-1.7.21.jar:/Users/lichuangjian/.m2/repository/org/slf4j/jcl-over-slf4j/1.7.21/jcl-over-slf4j-1.7.21.jar:/Users/lichuangjian/.m2/repository/org/slf4j/log4j-over-slf4j/1.7.21/log4j-over-slf4j-1.7.21.jar:/Users/lichuangjian/.m2/repository/org/apache/logging/log4j/log4j-slf4j-impl/2.0/log4j-slf4j-impl-2.0.jar:/Users/lichuangjian/.m2/repository/org/apache/logging/log4j/log4j-api/2.3/log4j-api-2.3.jar:/Users/lichuangjian/.m2/repository/org/apache/logging/log4j/log4j-core/2.3/log4j-core-2.3.jar:/Users/lichuangjian/.m2/repository/org/springframework/spring-aop/4.3.1.RELEASE/spring-aop-4.3.1.RELEASE.jar:/Users/lichuangjian/.m2/repository/org/springframework/spring-core/4.3.1.RELEASE/spring-core-4.3.1.RELEASE.jar:/Users/lichuangjian/.m2/repository/org/springframework/spring-expression/4.3.1.RELEASE/spring-expression-4.3.1.RELEASE.jar:/Users/lichuangjian/.m2/repository/org/springframework/spring-tx/4.3.1.RELEASE/spring-tx-4.3.1.RELEASE.jar:/Users/lichuangjian/.m2/repository/org/aspectj/aspectjweaver/1.8.9/aspectjweaver-1.8.9.jar:/Users/lichuangjian/work/learn/java/web/target/classes
-aspectpath
/Users/lichuangjian/.m2/repository/org/springframework/spring-aspects/4.3.1.RELEASE/spring-aspects-4.3.1.RELEASE.jar
-d
/Users/lichuangjian/work/learn/java/web/target/classes
/Users/lichuangjian/work/learn/java/web/src/main/java/aop/ExceptionControllerAdvice.java
/Users/lichuangjian/work/learn/java/web/src/main/java/controller/TestController.java
/Users/lichuangjian/work/learn/java/web/src/main/java/dao/TestDao.java
/Users/lichuangjian/work/learn/java/web/src/main/java/filter/LoginFilter.java
/Users/lichuangjian/work/learn/java/web/src/main/java/interceptor/LoginInterceptor.java
/Users/lichuangjian/work/learn/java/web/src/main/java/model/TestModel.java
/Users/lichuangjian/work/learn/java/web/src/main/java/service/InnerService.java
/Users/lichuangjian/work/learn/java/web/src/main/java/service/OuterService.java
